{"/Users/mikhailkiselyov/WebstormProjects/Zapominayka/src/shared/assets/fonts/index.ts": {"path":"/Users/mikhailkiselyov/WebstormProjects/Zapominayka/src/shared/assets/fonts/index.ts","statementMap":{},"fnMap":{},"branchMap":{},"s":{},"f":{},"b":{},"_coverageSchema":"1a1c01bbd47fc00a2c39e90264f33305004495a9","hash":"be9e778853f500e3a18378d38b332015bf289af9"}
,"/Users/mikhailkiselyov/WebstormProjects/Zapominayka/src/shared/colors/index.ts": {"path":"/Users/mikhailkiselyov/WebstormProjects/Zapominayka/src/shared/colors/index.ts","statementMap":{},"fnMap":{},"branchMap":{},"s":{},"f":{},"b":{},"_coverageSchema":"1a1c01bbd47fc00a2c39e90264f33305004495a9","hash":"4700debb4d6db48d05a85f6ad031ac276bb309fb"}
,"/Users/mikhailkiselyov/WebstormProjects/Zapominayka/src/shared/icons/index.ts": {"path":"/Users/mikhailkiselyov/WebstormProjects/Zapominayka/src/shared/icons/index.ts","statementMap":{},"fnMap":{},"branchMap":{},"s":{},"f":{},"b":{},"_coverageSchema":"1a1c01bbd47fc00a2c39e90264f33305004495a9","hash":"a8566c31cb9f148779d1987eae463107b6188730"}
,"/Users/mikhailkiselyov/WebstormProjects/Zapominayka/src/shared/icons/brain/index.js": {"path":"/Users/mikhailkiselyov/WebstormProjects/Zapominayka/src/shared/icons/brain/index.js","statementMap":{"0":{"start":{"line":6,"column":2},"end":{"line":95,"column":4}}},"fnMap":{"0":{"name":"Brain","decl":{"start":{"line":5,"column":9},"end":{"line":5,"column":14}},"loc":{"start":{"line":5,"column":22},"end":{"line":96,"column":1}},"line":5}},"branchMap":{},"s":{"0":0},"f":{"0":0},"b":{},"_coverageSchema":"1a1c01bbd47fc00a2c39e90264f33305004495a9","hash":"4fae3fa0eed04267a4c2a8bdfeed765b4a72bf3b"}
,"/Users/mikhailkiselyov/WebstormProjects/Zapominayka/src/shared/icons/like/index.tsx": {"path":"/Users/mikhailkiselyov/WebstormProjects/Zapominayka/src/shared/icons/like/index.tsx","statementMap":{"0":{"start":{"line":17,"column":49},"end":{"line":46,"column":1}},"1":{"start":{"line":18,"column":2},"end":{"line":45,"column":4}}},"fnMap":{"0":{"name":"(anonymous_0)","decl":{"start":{"line":17,"column":49},"end":{"line":17,"column":50}},"loc":{"start":{"line":17,"column":78},"end":{"line":46,"column":1}},"line":17}},"branchMap":{"0":{"loc":{"start":{"line":25,"column":9},"end":{"line":30,"column":16}},"type":"cond-expr","locations":[{"start":{"line":26,"column":10},"end":{"line":29,"column":12}},{"start":{"line":30,"column":12},"end":{"line":30,"column":16}}],"line":25}},"s":{"0":3,"1":1},"f":{"0":1},"b":{"0":[0,1]},"_coverageSchema":"1a1c01bbd47fc00a2c39e90264f33305004495a9","hash":"a303ffddd882b683222b3c789d135903a7c22d94"}
,"/Users/mikhailkiselyov/WebstormProjects/Zapominayka/src/shared/icons/mask/index.js": {"path":"/Users/mikhailkiselyov/WebstormProjects/Zapominayka/src/shared/icons/mask/index.js","statementMap":{"0":{"start":{"line":6,"column":2},"end":{"line":28,"column":4}}},"fnMap":{"0":{"name":"MaskImage","decl":{"start":{"line":5,"column":9},"end":{"line":5,"column":18}},"loc":{"start":{"line":5,"column":44},"end":{"line":29,"column":1}},"line":5}},"branchMap":{},"s":{"0":1},"f":{"0":1},"b":{},"_coverageSchema":"1a1c01bbd47fc00a2c39e90264f33305004495a9","hash":"fd9d08a82fb6ec99f87f90d9843d0fa1b3341d63"}
,"/Users/mikhailkiselyov/WebstormProjects/Zapominayka/src/shared/icons/searchIcon/index.js": {"path":"/Users/mikhailkiselyov/WebstormProjects/Zapominayka/src/shared/icons/searchIcon/index.js","statementMap":{"0":{"start":{"line":6,"column":2},"end":{"line":46,"column":4}}},"fnMap":{"0":{"name":"SearchIcon","decl":{"start":{"line":5,"column":9},"end":{"line":5,"column":19}},"loc":{"start":{"line":5,"column":27},"end":{"line":47,"column":1}},"line":5}},"branchMap":{},"s":{"0":0},"f":{"0":0},"b":{},"_coverageSchema":"1a1c01bbd47fc00a2c39e90264f33305004495a9","hash":"edc5a6e8ba32bae7e0d58c31f00ca24d713f2afb"}
,"/Users/mikhailkiselyov/WebstormProjects/Zapominayka/src/shared/ui/index.ts": {"path":"/Users/mikhailkiselyov/WebstormProjects/Zapominayka/src/shared/ui/index.ts","statementMap":{},"fnMap":{},"branchMap":{},"s":{},"f":{},"b":{},"_coverageSchema":"1a1c01bbd47fc00a2c39e90264f33305004495a9","hash":"8159c011b0e859428aa403e85b3f85da0a5c07f8"}
,"/Users/mikhailkiselyov/WebstormProjects/Zapominayka/src/shared/ui/appSafeArea/index.tsx": {"path":"/Users/mikhailkiselyov/WebstormProjects/Zapominayka/src/shared/ui/appSafeArea/index.tsx","statementMap":{"0":{"start":{"line":9,"column":39},"end":{"line":14,"column":1}},"1":{"start":{"line":10,"column":16},"end":{"line":10,"column":35}},"2":{"start":{"line":11,"column":20},"end":{"line":11,"column":68}},"3":{"start":{"line":13,"column":2},"end":{"line":13,"column":51}}},"fnMap":{"0":{"name":"(anonymous_0)","decl":{"start":{"line":9,"column":39},"end":{"line":9,"column":40}},"loc":{"start":{"line":9,"column":55},"end":{"line":14,"column":1}},"line":9}},"branchMap":{},"s":{"0":4,"1":2,"2":2,"3":2},"f":{"0":2},"b":{},"_coverageSchema":"1a1c01bbd47fc00a2c39e90264f33305004495a9","hash":"f4310e59b0d98c89f71dfeeaf35f2a927943b5f7"}
,"/Users/mikhailkiselyov/WebstormProjects/Zapominayka/src/shared/ui/button/index.tsx": {"path":"/Users/mikhailkiselyov/WebstormProjects/Zapominayka/src/shared/ui/button/index.tsx","statementMap":{"0":{"start":{"line":12,"column":51},"end":{"line":25,"column":1}},"1":{"start":{"line":17,"column":2},"end":{"line":24,"column":4}}},"fnMap":{"0":{"name":"(anonymous_0)","decl":{"start":{"line":12,"column":51},"end":{"line":12,"column":52}},"loc":{"start":{"line":16,"column":6},"end":{"line":25,"column":1}},"line":16}},"branchMap":{"0":{"loc":{"start":{"line":15,"column":2},"end":{"line":15,"column":27}},"type":"default-arg","locations":[{"start":{"line":15,"column":9},"end":{"line":15,"column":27}}],"line":15}},"s":{"0":4,"1":2},"f":{"0":2},"b":{"0":[2]},"_coverageSchema":"1a1c01bbd47fc00a2c39e90264f33305004495a9","hash":"7ec154a7e9ed731d40b6a73a9070d315745d84ee"}
,"/Users/mikhailkiselyov/WebstormProjects/Zapominayka/src/shared/ui/button/lib.ts": {"path":"/Users/mikhailkiselyov/WebstormProjects/Zapominayka/src/shared/ui/button/lib.ts","statementMap":{},"fnMap":{},"branchMap":{},"s":{},"f":{},"b":{},"_coverageSchema":"1a1c01bbd47fc00a2c39e90264f33305004495a9","hash":"3014ad0a9ec40129e254ed63f779586d5806b144"}
,"/Users/mikhailkiselyov/WebstormProjects/Zapominayka/src/shared/ui/button/styles.ts": {"path":"/Users/mikhailkiselyov/WebstormProjects/Zapominayka/src/shared/ui/button/styles.ts","statementMap":{},"fnMap":{},"branchMap":{},"s":{},"f":{},"b":{},"_coverageSchema":"1a1c01bbd47fc00a2c39e90264f33305004495a9","hash":"bd27b7f9c9a2be123b989a6afda2ffe31206c5f8"}
,"/Users/mikhailkiselyov/WebstormProjects/Zapominayka/src/shared/ui/container/index.tsx": {"path":"/Users/mikhailkiselyov/WebstormProjects/Zapominayka/src/shared/ui/container/index.tsx","statementMap":{"0":{"start":{"line":9,"column":37},"end":{"line":11,"column":1}},"1":{"start":{"line":10,"column":2},"end":{"line":10,"column":58}}},"fnMap":{"0":{"name":"(anonymous_0)","decl":{"start":{"line":9,"column":37},"end":{"line":9,"column":38}},"loc":{"start":{"line":9,"column":53},"end":{"line":11,"column":1}},"line":9}},"branchMap":{},"s":{"0":3,"1":2},"f":{"0":2},"b":{},"_coverageSchema":"1a1c01bbd47fc00a2c39e90264f33305004495a9","hash":"2e8f6353d135b5f99bc6575581123ed32ecb0e21"}
,"/Users/mikhailkiselyov/WebstormProjects/Zapominayka/src/shared/ui/container/styles.ts": {"path":"/Users/mikhailkiselyov/WebstormProjects/Zapominayka/src/shared/ui/container/styles.ts","statementMap":{},"fnMap":{},"branchMap":{},"s":{},"f":{},"b":{},"_coverageSchema":"1a1c01bbd47fc00a2c39e90264f33305004495a9","hash":"401e0d05434340c2b9b37b3578272e47647b49fc"}
,"/Users/mikhailkiselyov/WebstormProjects/Zapominayka/src/shared/ui/grayText/index.tsx": {"path":"/Users/mikhailkiselyov/WebstormProjects/Zapominayka/src/shared/ui/grayText/index.tsx","statementMap":{"0":{"start":{"line":7,"column":20},"end":{"line":7,"column":37}},"1":{"start":{"line":16,"column":55},"end":{"line":28,"column":1}},"2":{"start":{"line":22,"column":21},"end":{"line":25,"column":3}},"3":{"start":{"line":27,"column":2},"end":{"line":27,"column":52}}},"fnMap":{"0":{"name":"(anonymous_0)","decl":{"start":{"line":16,"column":55},"end":{"line":16,"column":56}},"loc":{"start":{"line":21,"column":6},"end":{"line":28,"column":1}},"line":21}},"branchMap":{"0":{"loc":{"start":{"line":18,"column":2},"end":{"line":18,"column":20}},"type":"default-arg","locations":[{"start":{"line":18,"column":9},"end":{"line":18,"column":20}}],"line":18}},"s":{"0":3,"1":3,"2":2,"3":2},"f":{"0":2},"b":{"0":[2]},"_coverageSchema":"1a1c01bbd47fc00a2c39e90264f33305004495a9","hash":"2013ffab75def2678040f0a1db8086414ccddbe2"}
,"/Users/mikhailkiselyov/WebstormProjects/Zapominayka/src/shared/ui/grayText/styles.ts": {"path":"/Users/mikhailkiselyov/WebstormProjects/Zapominayka/src/shared/ui/grayText/styles.ts","statementMap":{},"fnMap":{},"branchMap":{},"s":{},"f":{},"b":{},"_coverageSchema":"1a1c01bbd47fc00a2c39e90264f33305004495a9","hash":"7d300d9d1426b8b089a21a0663629c05738e1b8e"}
,"/Users/mikhailkiselyov/WebstormProjects/Zapominayka/src/shared/ui/input/index.tsx": {"path":"/Users/mikhailkiselyov/WebstormProjects/Zapominayka/src/shared/ui/input/index.tsx","statementMap":{"0":{"start":{"line":15,"column":49},"end":{"line":34,"column":1}},"1":{"start":{"line":22,"column":2},"end":{"line":33,"column":4}}},"fnMap":{"0":{"name":"(anonymous_0)","decl":{"start":{"line":15,"column":49},"end":{"line":15,"column":50}},"loc":{"start":{"line":21,"column":6},"end":{"line":34,"column":1}},"line":21}},"branchMap":{"0":{"loc":{"start":{"line":17,"column":2},"end":{"line":17,"column":26}},"type":"default-arg","locations":[{"start":{"line":17,"column":9},"end":{"line":17,"column":26}}],"line":17},"1":{"loc":{"start":{"line":18,"column":2},"end":{"line":18,"column":38}},"type":"default-arg","locations":[{"start":{"line":18,"column":18},"end":{"line":18,"column":38}}],"line":18}},"s":{"0":4,"1":2},"f":{"0":2},"b":{"0":[2],"1":[2]},"_coverageSchema":"1a1c01bbd47fc00a2c39e90264f33305004495a9","hash":"7575480be38b7f9b25cf83dd6b3bdbb83b2620ec"}
,"/Users/mikhailkiselyov/WebstormProjects/Zapominayka/src/shared/ui/input/lib.ts": {"path":"/Users/mikhailkiselyov/WebstormProjects/Zapominayka/src/shared/ui/input/lib.ts","statementMap":{},"fnMap":{},"branchMap":{},"s":{},"f":{},"b":{},"_coverageSchema":"1a1c01bbd47fc00a2c39e90264f33305004495a9","hash":"8f67c2c88712ea64e669ba4f28583cc982e60aa5"}
,"/Users/mikhailkiselyov/WebstormProjects/Zapominayka/src/shared/ui/input/styles.ts": {"path":"/Users/mikhailkiselyov/WebstormProjects/Zapominayka/src/shared/ui/input/styles.ts","statementMap":{},"fnMap":{},"branchMap":{},"s":{},"f":{},"b":{},"_coverageSchema":"1a1c01bbd47fc00a2c39e90264f33305004495a9","hash":"a6d4bdd0e2d60ed55a4f9fb6797ada291d1a1e1e"}
,"/Users/mikhailkiselyov/WebstormProjects/Zapominayka/src/shared/ui/itemLine/index.tsx": {"path":"/Users/mikhailkiselyov/WebstormProjects/Zapominayka/src/shared/ui/itemLine/index.tsx","statementMap":{"0":{"start":{"line":16,"column":55},"end":{"line":46,"column":1}},"1":{"start":{"line":22,"column":26},"end":{"line":30,"column":3}},"2":{"start":{"line":32,"column":2},"end":{"line":45,"column":4}}},"fnMap":{"0":{"name":"(anonymous_0)","decl":{"start":{"line":16,"column":55},"end":{"line":16,"column":56}},"loc":{"start":{"line":21,"column":6},"end":{"line":46,"column":1}},"line":21}},"branchMap":{"0":{"loc":{"start":{"line":24,"column":4},"end":{"line":29,"column":17}},"type":"cond-expr","locations":[{"start":{"line":25,"column":8},"end":{"line":28,"column":9}},{"start":{"line":29,"column":8},"end":{"line":29,"column":17}}],"line":24}},"s":{"0":3,"1":1,"2":1},"f":{"0":1},"b":{"0":[0,1]},"_coverageSchema":"1a1c01bbd47fc00a2c39e90264f33305004495a9","hash":"94c17348bc389eff4348f4445035877ac7fc1720"}
,"/Users/mikhailkiselyov/WebstormProjects/Zapominayka/src/shared/ui/itemLine/styles.ts": {"path":"/Users/mikhailkiselyov/WebstormProjects/Zapominayka/src/shared/ui/itemLine/styles.ts","statementMap":{},"fnMap":{},"branchMap":{},"s":{},"f":{},"b":{},"_coverageSchema":"1a1c01bbd47fc00a2c39e90264f33305004495a9","hash":"a55862815517a8f39998d4495ff8c45eb089bded"}
}
